Builds/Android/app/build/intermediates/manifest_merge_blame_file/debug_Debug/manifest-merger-blame-debug_-debug-report.txt
1<?xml version="1.0" encoding="utf-8"?>
2<manifest xmlns:android="http://schemas.android.com/apk/res/android"
3    package="com.yourcompany.theopenhearingproject"
4    android:versionCode="1"
5    android:versionName="1.0.0" >
6
7    <uses-sdk
8        android:minSdkVersion="16"
8-->src\main\AndroidManifest.xml
9        android:targetSdkVersion="31" />
9-->src\main\AndroidManifest.xml
10
11    <supports-screens
11-->src\main\AndroidManifest.xml:5:3-6:51
12        android:anyDensity="true"
12-->src\main\AndroidManifest.xml:5:106-131
13        android:largeScreens="true"
13-->src\main\AndroidManifest.xml:5:78-105
14        android:normalScreens="true"
14-->src\main\AndroidManifest.xml:5:49-77
15        android:smallScreens="true"
15-->src\main\AndroidManifest.xml:5:21-48
16        android:xlargeScreens="true" />
16-->src\main\AndroidManifest.xml:6:21-49
17
18    <uses-permission
18-->src\main\AndroidManifest.xml:7:3-105
19        android:name="android.permission.WRITE_EXTERNAL_STORAGE"
19-->src\main\AndroidManifest.xml:7:20-76
20        android:maxSdkVersion="28" />
20-->src\main\AndroidManifest.xml:7:77-103
21    <uses-permission android:name="android.permission.READ_EXTERNAL_STORAGE" />
21-->src\main\AndroidManifest.xml:8:3-77
21-->src\main\AndroidManifest.xml:8:20-75
22    <uses-permission android:name="android.permission.ACCESS_COARSE_LOCATION" />
22-->src\main\AndroidManifest.xml:9:3-78
22-->src\main\AndroidManifest.xml:9:20-76
23    <uses-permission android:name="android.permission.ACCESS_FINE_LOCATION" />
23-->src\main\AndroidManifest.xml:10:3-76
23-->src\main\AndroidManifest.xml:10:20-74
24    <uses-permission android:name="android.permission.BLUETOOTH_ADMIN" />
24-->src\main\AndroidManifest.xml:11:3-71
24-->src\main\AndroidManifest.xml:11:20-69
25    <uses-permission android:name="android.permission.BLUETOOTH" />
25-->src\main\AndroidManifest.xml:12:3-65
25-->src\main\AndroidManifest.xml:12:20-63
26    <uses-permission android:name="android.permission.RECORD_AUDIO" />
26-->src\main\AndroidManifest.xml:13:3-68
26-->src\main\AndroidManifest.xml:13:20-66
27    <uses-permission android:name="android.permission.CHANGE_WIFI_MULTICAST_STATE" />
27-->src\main\AndroidManifest.xml:14:3-83
27-->src\main\AndroidManifest.xml:14:20-81
28    <uses-permission android:name="android.permission.INTERNET" />
28-->src\main\AndroidManifest.xml:15:3-64
28-->src\main\AndroidManifest.xml:15:20-62
29
30    <application
30-->src\main\AndroidManifest.xml:16:3-25:17
31        android:name="com.rmsl.juce.JuceApp"
31-->src\main\AndroidManifest.xml:16:49-85
32        android:debuggable="true"
33        android:hardwareAccelerated="false"
33-->src\main\AndroidManifest.xml:16:86-121
34        android:label="@string/app_name"
34-->src\main\AndroidManifest.xml:16:16-48
35        android:testOnly="true" >
36        <activity
36-->src\main\AndroidManifest.xml:17:5-24:16
37            android:name="com.rmsl.juce.JuceActivity"
37-->src\main\AndroidManifest.xml:17:15-56
38            android:configChanges="keyboardHidden|orientation|screenSize"
38-->src\main\AndroidManifest.xml:17:90-151
39            android:exported="true"
39-->src\main\AndroidManifest.xml:19:15-38
40            android:hardwareAccelerated="true"
40-->src\main\AndroidManifest.xml:18:87-121
41            android:label="@string/app_name"
41-->src\main\AndroidManifest.xml:17:57-89
42            android:launchMode="singleTask"
42-->src\main\AndroidManifest.xml:18:55-86
43            android:screenOrientation="unspecified" >
43-->src\main\AndroidManifest.xml:18:15-54
44            <intent-filter>
44-->src\main\AndroidManifest.xml:20:7-23:23
45                <action android:name="android.intent.action.MAIN" />
45-->src\main\AndroidManifest.xml:21:9-60
45-->src\main\AndroidManifest.xml:21:17-58
46
47                <category android:name="android.intent.category.LAUNCHER" />
47-->src\main\AndroidManifest.xml:22:9-68
47-->src\main\AndroidManifest.xml:22:19-66
48            </intent-filter>
49        </activity>
50    </application>
51
52</manifest>